2026-01-16 17:55:24,647 [INFO] === เริ่มทำงานอัตโนมัติ ===
2026-01-16 17:55:24,648 [INFO] --- รอบที่ 1 /1 ---
2026-01-16 17:55:24,982 [INFO] 🖱️ คลิก left ที่ 327.0,58.0 (background)
2026-01-16 17:55:25,222 [INFO] ⌨️ พิมพ์: 5555
2026-01-16 17:55:25,701 [INFO] === จบการทำงาน (รวม 2 ขั้นตอน, ใช้เวลา 1.0s) ===
2026-01-16 17:55:30,081 [INFO] === เริ่มทำงานอัตโนมัติ ===
2026-01-16 17:55:30,082 [INFO] --- รอบที่ 1 /1 ---
2026-01-16 17:55:30,405 [INFO] 🖱️ คลิก left ที่ 327.0,58.0 (background)
2026-01-16 17:55:30,637 [INFO] ⌨️ พิมพ์: 5555
2026-01-16 17:55:31,114 [INFO] === จบการทำงาน (รวม 2 ขั้นตอน, ใช้เวลา 1.0s) ===
2026-01-16 17:55:32,538 [INFO] === เริ่มทำงานอัตโนมัติ ===
2026-01-16 17:55:32,538 [INFO] --- รอบที่ 1 /1 ---
2026-01-16 17:55:32,868 [INFO] 🖱️ คลิก left ที่ 327.0,58.0 (background)
2026-01-16 17:55:33,098 [INFO] ⌨️ พิมพ์: 5555
2026-01-16 17:55:33,570 [INFO] === จบการทำงาน (รวม 2 ขั้นตอน, ใช้เวลา 1.0s) ===
2026-01-16 17:55:37,607 [INFO] === เริ่มทำงานอัตโนมัติ ===
2026-01-16 17:55:37,608 [INFO] --- รอบที่ 1 /1 ---
2026-01-16 17:55:37,934 [INFO] 🖱️ คลิก left ที่ 327.0,58.0 (background)
2026-01-16 17:55:38,151 [INFO] ⌨️ พิมพ์: 5555
2026-01-16 17:55:38,642 [INFO] === จบการทำงาน (รวม 2 ขั้นตอน, ใช้เวลา 1.0s) ===
2026-01-16 17:59:32,094 [INFO] === เริ่มทำงานอัตโนมัติ ===
2026-01-16 17:59:32,094 [INFO] --- รอบที่ 1 /1 ---
2026-01-16 17:59:32,418 [INFO] 🖱️ คลิก left ที่ 308.0,17.0 (background)
2026-01-16 17:59:32,861 [INFO] ⌨️ พิมพ์: 555
2026-01-16 17:59:33,469 [INFO] === จบการทำงาน (รวม 2 ขั้นตอน, ใช้เวลา 1.3s) ===
2026-01-16 18:00:00,229 [INFO] === เริ่มทำงานอัตโนมัติ ===
2026-01-16 18:00:00,229 [INFO] --- รอบที่ 1 /1 ---
2026-01-16 18:00:02,745 [INFO] 🖱️ คลิก left ที่ 308.0,17.0 (background)
2026-01-16 18:00:04,605 [INFO] ⌨️ พิมพ์: 555
2026-01-16 18:00:04,914 [INFO] === จบการทำงาน (รวม 2 ขั้นตอน, ใช้เวลา 4.7s) ===
2026-01-16 18:00:11,899 [INFO] === เริ่มทำงานอัตโนมัติ ===
2026-01-16 18:00:11,899 [INFO] --- รอบที่ 1 /1 ---
2026-01-16 18:00:13,350 [INFO] 🖱️ คลิก left ที่ 308.0,17.0 (background)
2026-01-16 18:00:13,998 [INFO] ⌨️ พิมพ์: 555
2026-01-16 18:00:14,293 [INFO] === จบการทำงาน (รวม 2 ขั้นตอน, ใช้เวลา 2.4s) ===
2026-01-16 18:00:14,716 [INFO] === เริ่มทำงานอัตโนมัติ ===
2026-01-16 18:00:14,716 [INFO] --- รอบที่ 1 /1 ---
2026-01-16 18:00:15,289 [INFO] 🖱️ คลิก left ที่ 308.0,17.0 (background)
2026-01-16 18:00:16,852 [INFO] ⌨️ พิมพ์: 555
2026-01-16 18:00:17,140 [INFO] === จบการทำงาน (รวม 2 ขั้นตอน, ใช้เวลา 2.4s) ===
2026-01-16 18:00:17,823 [INFO] === เริ่มทำงานอัตโนมัติ ===
2026-01-16 18:00:17,824 [INFO] --- รอบที่ 1 /1 ---
2026-01-16 18:00:21,169 [INFO] 🖱️ คลิก left ที่ 308.0,17.0 (background)
2026-01-16 18:00:21,626 [INFO] ⌨️ พิมพ์: 555
2026-01-16 18:00:22,241 [INFO] === จบการทำงาน (รวม 2 ขั้นตอน, ใช้เวลา 4.4s) ===
2026-01-16 18:00:36,698 [INFO] === เริ่มทำงานอัตโนมัติ ===
2026-01-16 18:00:36,698 [INFO] --- รอบที่ 1 /1 ---
2026-01-16 18:00:40,588 [INFO] 🖱️ คลิก left ที่ 308.0,17.0 (background)
2026-01-16 18:00:43,909 [INFO] ⌨️ พิมพ์: 555
2026-01-16 18:00:44,223 [INFO] === จบการทำงาน (รวม 2 ขั้นตอน, ใช้เวลา 7.5s) ===
2026-01-16 18:00:51,834 [INFO] === เริ่มทำงานอัตโนมัติ ===
2026-01-16 18:00:51,834 [INFO] --- รอบที่ 1 /1 ---
2026-01-16 18:00:54,054 [INFO] 🖱️ คลิก left ที่ 308.0,17.0 (background)
2026-01-16 18:00:55,730 [INFO] ⌨️ พิมพ์: 555
2026-01-16 18:00:56,034 [INFO] === จบการทำงาน (รวม 2 ขั้นตอน, ใช้เวลา 4.2s) ===
